2022-05-19 22:49:26,368 INFO  StartupInfoLogger:55 - [] Starting PassengerDetailsApplication using Java 17.0.2 on DESKTOP-KLBFNK5 with PID 6236 (C:\Users\91860\Documents\Flight Booking System\server\passenger-details\target\classes started by 91860 in C:\Users\91860\Documents\Flight Booking System\server\passenger-details)
2022-05-19 22:49:26,382 INFO  SpringApplication:640 - [] No active profile set, falling back to 1 default profile: "default"
2022-05-19 22:49:26,517 INFO  DeferredLog:255 - [] Devtools property defaults active! Set 'spring.devtools.add-properties' to 'false' to disable
2022-05-19 22:49:26,518 INFO  DeferredLog:255 - [] For additional web related logging consider setting the 'logging.level.web' property to 'DEBUG'
2022-05-19 22:49:28,206 INFO  RepositoryConfigurationDelegate:132 - [] Bootstrapping Spring Data MongoDB repositories in DEFAULT mode.
2022-05-19 22:49:29,004 INFO  RepositoryConfigurationDelegate:201 - [] Finished Spring Data repository scanning in 782 ms. Found 1 MongoDB repository interfaces.
2022-05-19 22:49:29,697 INFO  GenericScope:283 - [] BeanFactory id=2ca6a75c-37f6-3d28-98d8-c11c6241c281
2022-05-19 22:49:30,845 INFO  TomcatWebServer:108 - [] Tomcat initialized with port(s): 8081 (http)
2022-05-19 22:49:30,873 INFO  DirectJDKLog:173 - [] Starting service [Tomcat]
2022-05-19 22:49:30,874 INFO  DirectJDKLog:173 - [] Starting Servlet engine: [Apache Tomcat/9.0.60]
2022-05-19 22:49:31,283 INFO  DirectJDKLog:173 - [] Initializing Spring embedded WebApplicationContext
2022-05-19 22:49:31,286 INFO  ServletWebServerApplicationContext:290 - [] Root WebApplicationContext: initialization completed in 4766 ms
2022-05-19 22:49:31,807 INFO  SLF4JLogger:71 - [] Cluster created with settings {hosts=[localhost:27017], mode=SINGLE, requiredClusterType=UNKNOWN, serverSelectionTimeout='30000 ms'}
2022-05-19 22:49:32,152 WARN  CustomConversions:261 - [] Registering converter from class java.time.LocalDateTime to class org.joda.time.LocalDateTime as reading converter although it doesn't convert from a store-supported type! You might want to check your annotation setup at the converter implementation.
2022-05-19 22:49:32,370 WARN  OptionalLiveReloadServer:61 - [] Unable to start LiveReload server
2022-05-19 22:49:32,545 WARN  CustomConversions:261 - [] Registering converter from class java.time.LocalDateTime to class org.joda.time.LocalDateTime as reading converter although it doesn't convert from a store-supported type! You might want to check your annotation setup at the converter implementation.
2022-05-19 22:49:34,534 INFO  SLF4JLogger:71 - [] Opened connection [connectionId{localValue:1, serverValue:3}] to localhost:27017
2022-05-19 22:49:34,537 INFO  SLF4JLogger:71 - [] Monitor thread successfully connected to server with description ServerDescription{address=localhost:27017, type=STANDALONE, state=CONNECTED, ok=true, minWireVersion=0, maxWireVersion=13, maxDocumentSize=16777216, logicalSessionTimeoutMinutes=30, roundTripTimeNanos=2563926100}
2022-05-19 22:49:34,558 INFO  SLF4JLogger:71 - [] Opened connection [connectionId{localValue:2, serverValue:4}] to localhost:27017
2022-05-19 22:49:41,632 INFO  DiscoveryClientOptionalArgsConfiguration:68 - [] Eureka HTTP Client uses RestTemplate.
2022-05-19 22:49:42,108 WARN  LoadBalancerCacheAutoConfiguration$LoadBalancerCaffeineWarnLogger:82 - [] Spring Cloud LoadBalancer is currently working with the default cache. While this cache implementation is useful for development and tests, it's recommended to use Caffeine cache in production.You can switch to using Caffeine cache, by adding it and org.springframework.cache.caffeine.CaffeineCacheManager to the classpath.
2022-05-19 22:49:42,935 INFO  InstanceInfoFactory:67 - [] Setting initial instance status as: STARTING
2022-05-19 22:49:43,335 INFO  DiscoveryClient:372 - [] Initializing Eureka in region us-east-1
2022-05-19 22:49:43,413 INFO  ConfigClusterResolver:43 - [] Resolving eureka endpoints via configuration
2022-05-19 22:49:43,907 INFO  DiscoveryClient:1007 - [] Disable delta property : false
2022-05-19 22:49:43,908 INFO  DiscoveryClient:1008 - [] Single vip registry refresh property : null
2022-05-19 22:49:43,909 INFO  DiscoveryClient:1009 - [] Force full registry fetch : false
2022-05-19 22:49:43,910 INFO  DiscoveryClient:1010 - [] Application is null : false
2022-05-19 22:49:43,911 INFO  DiscoveryClient:1011 - [] Registered Applications size is zero : true
2022-05-19 22:49:43,912 INFO  DiscoveryClient:1013 - [] Application version is -1: true
2022-05-19 22:49:43,913 INFO  DiscoveryClient:1097 - [] Getting all instance registry info from the eureka server
2022-05-19 22:49:53,436 INFO  DiscoveryClient:1106 - [] The response status is 200
2022-05-19 22:49:53,477 INFO  DiscoveryClient:1321 - [] Starting heartbeat executor: renew interval is: 30
2022-05-19 22:49:53,491 INFO  InstanceInfoReplicator:60 - [] InstanceInfoReplicator onDemand update allowed rate per min is 4
2022-05-19 22:49:53,574 INFO  DiscoveryClient:492 - [] Discovery Client initialized at timestamp 1652980793571 with initial instances count: 0
2022-05-19 22:49:53,578 INFO  EurekaServiceRegistry:41 - [] Registering application PASSENGER-DETAILS with eureka with status UP
2022-05-19 22:49:53,579 INFO  DiscoveryClient$3:1352 - [] Saw local status change event StatusChangeEvent [timestamp=1652980793579, current=UP, previous=STARTING]
2022-05-19 22:49:53,588 INFO  DiscoveryClient:873 - [] DiscoveryClient_PASSENGER-DETAILS/DESKTOP-KLBFNK5:passenger-details:8081: registering service...
2022-05-19 22:49:53,734 INFO  TomcatWebServer:220 - [] Tomcat started on port(s): 8081 (http) with context path ''
2022-05-19 22:49:53,736 INFO  EurekaAutoServiceRegistration:144 - [] Updating port to 8081
2022-05-19 22:49:54,208 INFO  DiscoveryClient:882 - [] DiscoveryClient_PASSENGER-DETAILS/DESKTOP-KLBFNK5:passenger-details:8081 - registration status: 204
2022-05-19 22:49:54,590 INFO  StartupInfoLogger:61 - [] Started PassengerDetailsApplication in 29.812 seconds (JVM running for 32.233)
2022-05-19 22:50:23,501 INFO  DiscoveryClient:1007 - [] Disable delta property : false
2022-05-19 22:50:23,503 INFO  DiscoveryClient:1008 - [] Single vip registry refresh property : null
2022-05-19 22:50:23,505 INFO  DiscoveryClient:1009 - [] Force full registry fetch : false
2022-05-19 22:50:23,508 INFO  DiscoveryClient:1010 - [] Application is null : false
2022-05-19 22:50:23,523 INFO  DiscoveryClient:1011 - [] Registered Applications size is zero : true
2022-05-19 22:50:23,523 INFO  DiscoveryClient:1013 - [] Application version is -1: false
2022-05-19 22:50:23,524 INFO  DiscoveryClient:1097 - [] Getting all instance registry info from the eureka server
2022-05-19 22:50:23,543 INFO  DiscoveryClient:1106 - [] The response status is 200
2022-05-19 22:54:43,937 INFO  ConfigClusterResolver:43 - [] Resolving eureka endpoints via configuration
2022-05-19 22:59:43,959 INFO  ConfigClusterResolver:43 - [] Resolving eureka endpoints via configuration
2022-05-19 23:04:44,072 INFO  ConfigClusterResolver:43 - [] Resolving eureka endpoints via configuration
2022-05-19 23:06:44,256 WARN  TimedSupervisorTask:73 - [] task supervisor timed out
java.util.concurrent.TimeoutException: null
	at java.base/java.util.concurrent.FutureTask.get(FutureTask.java:204)
	at com.netflix.discovery.TimedSupervisorTask.run(TimedSupervisorTask.java:68)
	at java.base/java.util.concurrent.Executors$RunnableAdapter.call(Executors.java:539)
	at java.base/java.util.concurrent.FutureTask.run(FutureTask.java:264)
	at java.base/java.util.concurrent.ScheduledThreadPoolExecutor$ScheduledFutureTask.run(ScheduledThreadPoolExecutor.java:304)
	at java.base/java.util.concurrent.ThreadPoolExecutor.runWorker(ThreadPoolExecutor.java:1136)
	at java.base/java.util.concurrent.ThreadPoolExecutor$Worker.run(ThreadPoolExecutor.java:635)
	at java.base/java.lang.Thread.run(Thread.java:833)
2022-05-19 23:09:44,155 INFO  ConfigClusterResolver:43 - [] Resolving eureka endpoints via configuration
2022-05-19 23:14:44,181 INFO  ConfigClusterResolver:43 - [] Resolving eureka endpoints via configuration
2022-05-19 23:19:44,287 INFO  ConfigClusterResolver:43 - [] Resolving eureka endpoints via configuration
2022-05-19 23:24:44,325 INFO  ConfigClusterResolver:43 - [] Resolving eureka endpoints via configuration
