#
# There is insufficient memory for the Java Runtime Environment to continue.
# Native memory allocation (mmap) failed to map 67108864 bytes for G1 virtual space
# Possible reasons:
#   The system is out of physical RAM or swap space
#   The process is running with CompressedOops enabled, and the Java Heap may be blocking the growth of the native heap
# Possible solutions:
#   Reduce memory load on the system
#   Increase physical memory or swap space
#   Check if swap backing store is full
#   Decrease Java heap size (-Xmx/-Xms)
#   Decrease number of Java threads
#   Decrease Java thread stack sizes (-Xss)
#   Set larger code cache with -XX:ReservedCodeCacheSize=
#   JVM is running with Unscaled Compressed Oops mode in which the Java heap is
#     placed in the first 4GB address space. The Java Heap base address is the
#     maximum limit for the native heap growth. Please use -XX:HeapBaseMinAddress
#     to set the Java Heap base and to place the Java Heap above 4GB virtual address.
# This output file may be truncated or incomplete.
#
#  Out of Memory Error (os_windows.cpp:3532), pid=2324, tid=20952
#
# JRE version:  (17.0.2+8) (build )
# Java VM: OpenJDK 64-Bit Server VM (17.0.2+8, mixed mode, emulated-client, sharing, tiered, compressed oops, compressed class ptrs, g1 gc, windows-amd64)
# No core dump will be written. Minidumps are not enabled by default on client versions of Windows
#

---------------  S U M M A R Y ------------

Command Line: -Dsts.lsp.client=vscode -Dsts.log.file=/dev/null -XX:TieredStopAtLevel=1 -Dspring.config.location=file:c:\Users\Ravi Tiwari\.vscode\extensions\pivotal.vscode-spring-boot-1.32.0\language-server\BOOT-INF\classes\application.properties org.springframework.ide.vscode.boot.app.BootLanguageServerBootApp

Host: Intel(R) Core(TM) i7-5600U CPU @ 2.60GHz, 4 cores, 3G,  Windows 10 , 64 bit Build 19041 (10.0.19041.1566)
Time: Wed Apr 13 13:50:15 2022 India Standard Time elapsed time: 0.067143 seconds (0d 0h 0m 0s)

---------------  T H R E A D  ---------------

Current thread (0x0000021ab8942ef0):  JavaThread "Unknown thread" [_thread_in_vm, id=20952, stack(0x000000f62eb00000,0x000000f62ec00000)]

Stack: [0x000000f62eb00000,0x000000f62ec00000]
Native frames: (J=compiled Java code, j=interpreted, Vv=VM code, C=native code)
V  [jvm.dll+0x67564a]
V  [jvm.dll+0x82fc04]
V  [jvm.dll+0x8313ae]
V  [jvm.dll+0x831a13]
V  [jvm.dll+0x245235]
V  [jvm.dll+0x672539]
V  [jvm.dll+0x666e82]
V  [jvm.dll+0x30401b]
V  [jvm.dll+0x30b566]
V  [jvm.dll+0x35b1fe]
V  [jvm.dll+0x35b42f]
V  [jvm.dll+0x2daf58]
V  [jvm.dll+0x2dbec4]
V  [jvm.dll+0x801881]
V  [jvm.dll+0x368f81]
V  [jvm.dll+0x7e0cdc]
V  [jvm.dll+0x3eb8bf]
V  [jvm.dll+0x3ed441]
C  [jli.dll+0x5277]
C  [ucrtbase.dll+0x21bb2]
C  [KERNEL32.DLL+0x17034]
C  [ntdll.dll+0x52651]


---------------  P R O C E S S  ---------------

Threads class SMR info:
_java_thread_list=0x00007ffb0c065e98, length=0, elements={
}

Java Threads: ( => current thread )

Other Threads:
  0x0000021ab8970800 GCTaskThread "GC Thread#0" [stack: 0x000000f62ec00000,0x000000f62ed00000] [id=3928]
  0x0000021ab8979400 ConcurrentGCThread "G1 Main Marker" [stack: 0x000000f62ed00000,0x000000f62ee00000] [id=756]
  0x0000021ab897be30 ConcurrentGCThread "G1 Conc#0" [stack: 0x000000f62ee00000,0x000000f62ef00000] [id=18356]

[error occurred during error reporting (printing all threads), id 0xc0000005, EXCEPTION_ACCESS_VIOLATION (0xc0000005) at pc=0x00007ffb0b83b9d7]

VM state: not at safepoint (not fully initialized)

VM Mutex/Monitor currently owned by a thread:  ([mutex/lock_event])
[0x0000021ab893ea10] Heap_lock - owner thread: 0x0000021ab8942ef0

Heap address: 0x00000000c1a00000, size: 998 MB, Compressed Oops mode: 32-bit

CDS archive(s) mapped at: [0x0000000000000000-0x0000000000000000-0x0000000000000000), size 0, SharedBaseAddress: 0x0000000800000000, ArchiveRelocationMode: 0.
Narrow klass base: 0x0000000000000000, Narrow klass shift: 0, Narrow klass range: 0x0

GC Precious Log:
<Empty>

Heap:
 garbage-first heap   total 0K, used 0K [0x00000000c1a00000, 0x0000000100000000)
  region size 1024K, 0 young (0K), 0 survivors (0K)

[error occurred during error reporting (printing heap information), id 0xc0000005, EXCEPTION_ACCESS_VIOLATION (0xc0000005) at pc=0x00007ffb0bc1e899]

GC Heap History (0 events):
No events

Deoptimization events (0 events):
No events

Classes unloaded (0 events):
No events

Classes redefined (0 events):
No events

Internal exceptions (0 events):
No events

VM Operations (0 events):
No events

Events (1 events):
Event: 0.030 Loaded shared library c:\Users\Ravi Tiwari\.vscode\extensions\redhat.java-1.4.0\jre\17.0.2-win32-x86_64\bin\java.dll


Dynamic libraries:
0x00007ff68c560000 - 0x00007ff68c56e000 	c:\Users\Ravi Tiwari\.vscode\extensions\redhat.java-1.4.0\jre\17.0.2-win32-x86_64\bin\java.exe
0x00007ffb58fd0000 - 0x00007ffb591c5000 	C:\WINDOWS\SYSTEM32\ntdll.dll
0x00007ffb57140000 - 0x00007ffb571fe000 	C:\WINDOWS\System32\KERNEL32.DLL
0x00007ffb56800000 - 0x00007ffb56ac8000 	C:\WINDOWS\System32\KERNELBASE.dll
0x00007ffb56e90000 - 0x00007ffb56f90000 	C:\WINDOWS\System32\ucrtbase.dll
0x00007ffb31950000 - 0x00007ffb31968000 	c:\Users\Ravi Tiwari\.vscode\extensions\redhat.java-1.4.0\jre\17.0.2-win32-x86_64\bin\jli.dll
0x00007ffb58530000 - 0x00007ffb586d0000 	C:\WINDOWS\System32\USER32.dll
0x00007ffb57000000 - 0x00007ffb57022000 	C:\WINDOWS\System32\win32u.dll
0x00007ffb58800000 - 0x00007ffb5882a000 	C:\WINDOWS\System32\GDI32.dll
0x00007ffb566f0000 - 0x00007ffb567fb000 	C:\WINDOWS\System32\gdi32full.dll
0x00007ffb56b20000 - 0x00007ffb56bbd000 	C:\WINDOWS\System32\msvcp_win.dll
0x00007ffb2e120000 - 0x00007ffb2e139000 	c:\Users\Ravi Tiwari\.vscode\extensions\redhat.java-1.4.0\jre\17.0.2-win32-x86_64\bin\VCRUNTIME140.dll
0x00007ffb45140000 - 0x00007ffb453da000 	C:\WINDOWS\WinSxS\amd64_microsoft.windows.common-controls_6595b64144ccf1df_6.0.19041.1110_none_60b5254171f9507e\COMCTL32.dll
0x00007ffb58960000 - 0x00007ffb589fe000 	C:\WINDOWS\System32\msvcrt.dll
0x00007ffb58490000 - 0x00007ffb584c0000 	C:\WINDOWS\System32\IMM32.DLL
0x00007ffb50660000 - 0x00007ffb5066c000 	c:\Users\Ravi Tiwari\.vscode\extensions\redhat.java-1.4.0\jre\17.0.2-win32-x86_64\bin\vcruntime140_1.dll
0x00007ffb13e50000 - 0x00007ffb13ee1000 	c:\Users\Ravi Tiwari\.vscode\extensions\redhat.java-1.4.0\jre\17.0.2-win32-x86_64\bin\msvcp140.dll
0x00007ffb0b550000 - 0x00007ffb0c197000 	c:\Users\Ravi Tiwari\.vscode\extensions\redhat.java-1.4.0\jre\17.0.2-win32-x86_64\bin\server\jvm.dll
0x00007ffb58890000 - 0x00007ffb5893e000 	C:\WINDOWS\System32\ADVAPI32.dll
0x00007ffb578c0000 - 0x00007ffb5795c000 	C:\WINDOWS\System32\sechost.dll
0x00007ffb58bd0000 - 0x00007ffb58cf5000 	C:\WINDOWS\System32\RPCRT4.dll
0x00007ffb58d00000 - 0x00007ffb58d08000 	C:\WINDOWS\System32\PSAPI.DLL
0x00007ffb43790000 - 0x00007ffb43799000 	C:\WINDOWS\SYSTEM32\WSOCK32.dll
0x00007ffb580c0000 - 0x00007ffb5812b000 	C:\WINDOWS\System32\WS2_32.dll
0x00007ffb454d0000 - 0x00007ffb454f7000 	C:\WINDOWS\SYSTEM32\WINMM.dll
0x00007ffb4bd90000 - 0x00007ffb4bd9a000 	C:\WINDOWS\SYSTEM32\VERSION.dll
0x00007ffb54610000 - 0x00007ffb54622000 	C:\WINDOWS\SYSTEM32\kernel.appcore.dll
0x00007ffb50020000 - 0x00007ffb5002a000 	c:\Users\Ravi Tiwari\.vscode\extensions\redhat.java-1.4.0\jre\17.0.2-win32-x86_64\bin\jimage.dll
0x00007ffb52280000 - 0x00007ffb52464000 	C:\WINDOWS\SYSTEM32\DBGHELP.DLL
0x00007ffb4d990000 - 0x00007ffb4d9bc000 	C:\WINDOWS\SYSTEM32\dbgcore.DLL
0x00007ffb56d50000 - 0x00007ffb56dd2000 	C:\WINDOWS\System32\bcryptPrimitives.dll
0x00007ffb23700000 - 0x00007ffb23725000 	c:\Users\Ravi Tiwari\.vscode\extensions\redhat.java-1.4.0\jre\17.0.2-win32-x86_64\bin\java.dll

dbghelp: loaded successfully - version: 4.0.5 - missing functions: none
symbol engine: initialized successfully - sym options: 0x614 - pdb path: .;c:\Users\Ravi Tiwari\.vscode\extensions\redhat.java-1.4.0\jre\17.0.2-win32-x86_64\bin;C:\WINDOWS\SYSTEM32;C:\WINDOWS\WinSxS\amd64_microsoft.windows.common-controls_6595b64144ccf1df_6.0.19041.1110_none_60b5254171f9507e;c:\Users\Ravi Tiwari\.vscode\extensions\redhat.java-1.4.0\jre\17.0.2-win32-x86_64\bin\server

VM Arguments:
jvm_args: -Dsts.lsp.client=vscode -Dsts.log.file=/dev/null -XX:TieredStopAtLevel=1 -Dspring.config.location=file:c:\Users\Ravi Tiwari\.vscode\extensions\pivotal.vscode-spring-boot-1.32.0\language-server\BOOT-INF\classes\application.properties 
java_command: org.springframework.ide.vscode.boot.app.BootLanguageServerBootApp
java_class_path (initial): c:\Users\Ravi Tiwari\.vscode\extensions\pivotal.vscode-spring-boot-1.32.0\language-server\BOOT-INF\classes;c:\Users\Ravi Tiwari\.vscode\extensions\pivotal.vscode-spring-boot-1.32.0\language-server\BOOT-INF\lib\antlr4-runtime-4.5.3.jar;c:\Users\Ravi Tiwari\.vscode\extensions\pivotal.vscode-spring-boot-1.32.0\language-server\BOOT-INF\lib\byte-buddy-1.10.18.jar;c:\Users\Ravi Tiwari\.vscode\extensions\pivotal.vscode-spring-boot-1.32.0\language-server\BOOT-INF\lib\commons-codec-1.14.jar;c:\Users\Ravi Tiwari\.vscode\extensions\pivotal.vscode-spring-boot-1.32.0\language-server\BOOT-INF\lib\commons-io-2.4.jar;c:\Users\Ravi Tiwari\.vscode\extensions\pivotal.vscode-spring-boot-1.32.0\language-server\BOOT-INF\lib\commons-java-1.32.0-SNAPSHOT.jar;c:\Users\Ravi Tiwari\.vscode\extensions\pivotal.vscode-spring-boot-1.32.0\language-server\BOOT-INF\lib\commons-lang3-3.10.jar;c:\Users\Ravi Tiwari\.vscode\extensions\pivotal.vscode-spring-boot-1.32.0\language-server\BOOT-INF\lib\commons-language-server-1.32.0-SNAPSHOT.jar;c:\Users\Ravi Tiwari\.vscode\extensions\pivotal.vscode-spring-boot-1.32.0\language-server\BOOT-INF\lib\commons-lsp-extensions-1.32.0-SNAPSHOT.jar;c:\Users\Ravi Tiwari\.vscode\extensions\pivotal.vscode-spring-boot-1.32.0\language-server\BOOT-INF\lib\commons-util-1.32.0-SNAPSHOT.jar;c:\Users\Ravi Tiwari\.vscode\extensions\pivotal.vscode-spring-boot-1.32.0\language-server\BOOT-INF\lib\commons-yaml-1.32.0-SNAPSHOT.jar;c:\Users\Ravi Tiwari\.vscode\extensions\pivotal.vscode-spring-boot-1.32.0\language-server\BOOT-INF\lib\gson-2.8.6.jar;c:\Users\Ravi Tiwari\.vscode\extensions\pivotal.vscode-spring-boot-1.32.0\language-server\BOOT-INF\lib\guava-19.0.jar;c:\Users\Ravi Tiwari\.vscode\extensions\pivotal.vscode-spring-boot-1.32.0\language-server\BOOT-INF\lib\jakarta.annotation-api-1.3.5.jar;c:\Users\Ravi Tiwari\.vscode\extensions\pivotal.vscode-spring-boot-1.32.0\language-server\BOOT-INF\lib\jandex-2.0.5.Final.jar;c:\Users\Ravi Tiwari\.vscode\extensio
Launcher Type: SUN_STANDARD

[Global flags]
     intx CICompilerCount                          = 3                                         {product} {ergonomic}
     uint ConcGCThreads                            = 1                                         {product} {ergonomic}
     uint G1ConcRefinementThreads                  = 4                                         {product} {ergonomic}
   size_t G1HeapRegionSize                         = 1048576                                   {product} {ergonomic}
    uintx GCDrainStackTargetSize                   = 64                                        {product} {ergonomic}
   size_t InitialHeapSize                          = 67108864                                  {product} {ergonomic}
   size_t MarkStackSize                            = 4194304                                   {product} {ergonomic}
   size_t MaxHeapSize                              = 1046478848                                {product} {ergonomic}
   size_t MinHeapDeltaBytes                        = 1048576                                   {product} {ergonomic}
   size_t MinHeapSize                              = 8388608                                   {product} {ergonomic}
    uintx NonProfiledCodeHeapSize                  = 0                                      {pd product} {ergonomic}
     bool ProfileInterpreter                       = false                                  {pd product} {command line}
    uintx ProfiledCodeHeapSize                     = 0                                      {pd product} {ergonomic}
   size_t SoftMaxHeapSize                          = 1046478848                             {manageable} {ergonomic}
     intx TieredStopAtLevel                        = 1                                         {product} {command line}
     bool UseCompressedClassPointers               = true                           {product lp64_product} {ergonomic}
     bool UseCompressedOops                        = true                           {product lp64_product} {ergonomic}
     bool UseG1GC                                  = true                                      {product} {ergonomic}
     bool UseLargePagesIndividualAllocation        = false                                  {pd product} {ergonomic}

Logging:
Log output configuration:
 #0: stdout all=warning uptime,level,tags
 #1: stderr all=off uptime,level,tags

Environment Variables:
JAVA_HOME=C:\Program Files\Java\jdk-17.0.1
PATH=C:\Program Files\Common Files\Oracle\Java\javapath;C:\WINDOWS\system32;C:\WINDOWS;C:\WINDOWS\System32\Wbem;C:\WINDOWS\System32\WindowsPowerShell\v1.0\;C:\WINDOWS\System32\OpenSSH\;C:\Program Files\Git\cmd;C:\Program Files\nodejs\;C:\Users\Ravi Tiwari\AppData\Local\Microsoft\WindowsApps;C:\Windows\System32\cmd.exe;C:\Program Files\MongoDB\Server\5.0\bin;C:\Users\Ravi Tiwari\AppData\Local\Programs\mongosh\;C:\Users\Ravi Tiwari\Downloads\mongosh-1.1.7-win32-x64\mongosh-1.1.7-win32-x64\bin;C:\Program Files\MongoDB\Server\5.0\tools;C:\Program Files\Java\jdk-17.0.1\bin;C:\Users\Ravi Tiwari\AppData\Local\Programs\Microsoft VS Code\bin;C:\Users\Ravi Tiwari\AppData\Local\GitHubDesktop\bin;C:\Users\Ravi Tiwari\AppData\Roaming\npm;
USERNAME=Ravi Tiwari
OS=Windows_NT
PROCESSOR_IDENTIFIER=Intel64 Family 6 Model 61 Stepping 4, GenuineIntel



---------------  S Y S T E M  ---------------

OS:
 Windows 10 , 64 bit Build 19041 (10.0.19041.1566)
OS uptime: 18 days 1:31 hours

CPU: total 4 (initial active 4) (2 cores per cpu, 2 threads per core) family 6 model 61 stepping 4 microcode 0x2d, cx8, cmov, fxsr, ht, mmx, 3dnowpref, sse, sse2, sse3, ssse3, sse4.1, sse4.2, popcnt, lzcnt, tsc, tscinvbit, avx, avx2, aes, erms, clmul, bmi1, bmi2, rtm, adx, fma, vzeroupper, clflush

Memory: 4k page, system-wide physical 3987M (119M free)
TotalPageFile size 15733M (AvailPageFile size 352M)
current process WorkingSet (physical memory assigned to process): 9M, peak: 9M
current process commit charge ("private bytes"): 46M, peak: 110M

vm_info: OpenJDK 64-Bit Server VM (17.0.2+8) for windows-amd64 JRE (17.0.2+8), built on Jan 20 2022 04:52:34 by "" with MS VC++ 16.7 (VS2019)

END.
